2022-06-21T06:27:19.518433 500 : [{"timestamp":"2022-06-21T10:27:19.400+00:00","status":500,"error":"Internal Server Error","message":"Transfer -1 was not found.","path":"/transfer/request"}]
2022-06-21T06:52:31.760695 401 : [no body]
2022-06-21T06:53:04.837866 500 : [{"timestamp":"2022-06-21T10:53:04.796+00:00","status":500,"error":"Internal Server Error","message":"Transfer -1 was not found.","path":"/transfer/request"}]
2022-06-21T07:07:37.880986 500 : [{"timestamp":"2022-06-21T11:07:37.809+00:00","status":500,"error":"Internal Server Error","message":"Transfer -1 was not found.","path":"/transfer/request"}]
2022-06-21T07:19:20.318236 500 : [{"timestamp":"2022-06-21T11:19:20.227+00:00","status":500,"error":"Internal Server Error","message":"Transfer -1 was not found.","path":"/transfer/request"}]
2022-06-21T07:24:52.778373 500 : [{"timestamp":"2022-06-21T11:24:52.691+00:00","status":500,"error":"Internal Server Error","message":"PreparedStatementCallback; SQL [INSERT INTO transfer (transfer_type_id, transfer_status_id, account... (721 bytes)]
2022-06-21T14:05:20.513797 500 : [{"timestamp":"2022-06-21T18:05:20.321+00:00","status":500,"error":"Internal Server Error","message":"StatementCallback; bad SQL grammar [SELECT account_id, account_name, user_id, balance FROM account WHERE user_id = ?;]; nested exception is org.postgresql.util.PSQLException: ERROR: syntax error at end of input\n  Position: 81","path":"/myaccounts"}]
2022-06-21T14:14:30.871798 500 : [{"timestamp":"2022-06-21T18:14:30.749+00:00","status":500,"error":"Internal Server Error","message":"StatementCallback; bad SQL grammar [SELECT account_id, account_name, user_id, balance FROM account WHERE user_id = ?;]; nested exception is org.postgresql.util.PSQLException: ERROR: syntax error at end of input\n  Position: 81","path":"/myaccounts"}]
2022-06-21T14:17:18.612426 500 : [{"timestamp":"2022-06-21T18:17:18.516+00:00","status":500,"error":"Internal Server Error","message":"StatementCallback; bad SQL grammar [SELECT account_id, account_name, user_id, balance FROM account WHERE user_id = ?;]; nested exception is org.postgresql.util.PSQLException: ERROR: syntax error at end of input\n  Position: 81","path":"/myaccounts"}]
2022-06-21T14:24:01.00514 404 : [{"timestamp":"2022-06-21T18:24:00.917+00:00","status":404,"error":"Not Found","message":"No message available","path":"/changeAccount/2001"}]
2022-06-21T15:06:09.169615 400 : [{"timestamp":"2022-06-21T19:06:09.081+00:00","status":400,"error":"Bad Request","message":"Required request body is missing: public int com.techelevator.tenmo.controller.AuthenticationController.newAccount(java.lang.String,java.security.Principal)","path":"/newaccount"}]
2022-06-21T15:20:43.943371 400 : [{"timestamp":"2022-06-21T19:20:43.732+00:00","status":400,"error":"Bad Request","message":"Required request body is missing: public int com.techelevator.tenmo.controller.AuthenticationController.newAccount(java.lang.String,java.security.Principal)","path":"/newaccount"}]
2022-06-21T16:32:03.923848 I/O error on POST request for "http://localhost:8080/login": Connection refused (Connection refused); nested exception is java.net.ConnectException: Connection refused (Connection refused)
2022-06-21T16:34:10.72011 500 : [{"timestamp":"2022-06-21T20:34:10.649+00:00","status":500,"error":"Internal Server Error","message":"Transfer -1 was not found.","path":"/transfer/send"}]
2022-06-21T16:45:49.168958 I/O error on POST request for "http://localhost:8080/login": Connection refused (Connection refused); nested exception is java.net.ConnectException: Connection refused (Connection refused)
2022-06-21T16:47:08.017024 500 : [{"timestamp":"2022-06-21T20:47:07.921+00:00","status":500,"error":"Internal Server Error","message":"Could not find that Account ID among your accounts.","path":"/changeaccount/2002"}]
2022-06-21T16:47:13.862844 500 : [{"timestamp":"2022-06-21T20:47:13.855+00:00","status":500,"error":"Internal Server Error","message":"Transfer -1 was not found.","path":"/transfer/send"}]
2022-06-21T16:57:28.951737 500 : [{"timestamp":"2022-06-21T20:57:28.876+00:00","status":500,"error":"Internal Server Error","message":"Transfer -1 was not found.","path":"/transfer/send"}]
2022-06-21T16:58:54.247891 500 : [{"timestamp":"2022-06-21T20:58:54.210+00:00","status":500,"error":"Internal Server Error","message":"Transfer -1 was not found.","path":"/transfer/send"}]
2022-06-21T17:00:06.636048 500 : [{"timestamp":"2022-06-21T21:00:06.590+00:00","status":500,"error":"Internal Server Error","message":"Transfer -1 was not found.","path":"/transfer/send"}]
2022-06-21T17:19:05.498382 500 : [{"timestamp":"2022-06-21T21:19:05.429+00:00","status":500,"error":"Internal Server Error","message":"Transfer -1 was not found.","path":"/transfer/send"}]
2022-06-21T17:24:47.187512 500 : [{"timestamp":"2022-06-21T21:24:47.122+00:00","status":500,"error":"Internal Server Error","message":"Transfer -1 was not found.","path":"/transfer/send"}]
2022-06-21T17:27:58.905687 500 : [{"timestamp":"2022-06-21T21:27:58.844+00:00","status":500,"error":"Internal Server Error","message":"Transfer -1 was not found.","path":"/transfer/send"}]
2022-06-21T17:30:06.098232 500 : [{"timestamp":"2022-06-21T21:30:06.001+00:00","status":500,"error":"Internal Server Error","message":"PreparedStatementCallback; SQL [INSERT INTO transfer (transfer_type_id, transfer_status_id, account... (746 bytes)]
2022-06-21T17:40:24.586511 500 : [{"timestamp":"2022-06-21T21:40:24.516+00:00","status":500,"error":"Internal Server Error","message":"PreparedStatementCallback; bad SQL grammar [SELECT transfer_id, transfer_type_id, transfer_status_i... (538 bytes)]
2022-06-21T17:44:19.635913 401 : [no body]
2022-06-21T18:20:26.637582 401 : [no body]
